  zadacha3_main.cpp
C:\Users\Acer\Desktop\Учеба\Контрольные работы\Информатика 2 семестр\Лабораторная работа №12\Zadacha 3\zadacha3_main.cpp(6,13): warning C4326:  возвращаемый тип "main" должен быть "int", а не "void"
C:\Users\Acer\Desktop\Учеба\Контрольные работы\Информатика 2 семестр\Лабораторная работа №12\Zadacha 3\Vector.h(45,20): warning C4018:  <: несоответствие типов со знаком и без знака
C:\Users\Acer\Desktop\Учеба\Контрольные работы\Информатика 2 семестр\Лабораторная работа №12\Zadacha 3\Vector.h(44): message :  во время компиляции функции-члена класс шаблон "void Vector<Time>::print(void)"
C:\Users\Acer\Desktop\Учеба\Контрольные работы\Информатика 2 семестр\Лабораторная работа №12\Zadacha 3\zadacha3_main.cpp(10): message :  выполняется компиляция ссылки на экземпляр шаблон функции "void Vector<Time>::print(void)"
C:\Users\Acer\Desktop\Учеба\Контрольные работы\Информатика 2 семестр\Лабораторная работа №12\Zadacha 3\zadacha3_main.cpp(9): message :  выполняется компиляция ссылки на экземпляр класс шаблон функции "Vector<Time>"
C:\Users\Acer\Desktop\Учеба\Контрольные работы\Информатика 2 семестр\Лабораторная работа №12\Zadacha 3\Vector.h(63,20): warning C4018:  <: несоответствие типов со знаком и без знака
C:\Users\Acer\Desktop\Учеба\Контрольные работы\Информатика 2 семестр\Лабораторная работа №12\Zadacha 3\Vector.h(62): message :  во время компиляции функции-члена класс шаблон "void Vector<Time>::add_element(int)"
C:\Users\Acer\Desktop\Учеба\Контрольные работы\Информатика 2 семестр\Лабораторная работа №12\Zadacha 3\zadacha3_main.cpp(16): message :  выполняется компиляция ссылки на экземпляр шаблон функции "void Vector<Time>::add_element(int)"
C:\Users\Acer\Desktop\Учеба\Контрольные работы\Информатика 2 семестр\Лабораторная работа №12\Zadacha 3\Vector.h(82,20): warning C4018:  <: несоответствие типов со знаком и без знака
C:\Users\Acer\Desktop\Учеба\Контрольные работы\Информатика 2 семестр\Лабораторная работа №12\Zadacha 3\Vector.h(80): message :  во время компиляции функции-члена класс шаблон "int Vector<Time>::srednee(void)"
C:\Users\Acer\Desktop\Учеба\Контрольные работы\Информатика 2 семестр\Лабораторная работа №12\Zadacha 3\zadacha3_main.cpp(15): message :  выполняется компиляция ссылки на экземпляр шаблон функции "int Vector<Time>::srednee(void)"
C:\Users\Acer\Desktop\Учеба\Контрольные работы\Информатика 2 семестр\Лабораторная работа №12\Zadacha 3\Vector.h(53,15): warning C4018:  <: несоответствие типов со знаком и без знака
C:\Users\Acer\Desktop\Учеба\Контрольные работы\Информатика 2 семестр\Лабораторная работа №12\Zadacha 3\Vector.h(51): message :  во время компиляции функции-члена класс шаблон "T Vector<T>::max(void)"
C:\Users\Acer\Desktop\Учеба\Контрольные работы\Информатика 2 семестр\Лабораторная работа №12\Zadacha 3\Vector.h(51): message :         with
C:\Users\Acer\Desktop\Учеба\Контрольные работы\Информатика 2 семестр\Лабораторная работа №12\Zadacha 3\Vector.h(51): message :         [
C:\Users\Acer\Desktop\Учеба\Контрольные работы\Информатика 2 семестр\Лабораторная работа №12\Zadacha 3\Vector.h(51): message :             T=Time
C:\Users\Acer\Desktop\Учеба\Контрольные работы\Информатика 2 семестр\Лабораторная работа №12\Zadacha 3\Vector.h(51): message :         ]
C:\Users\Acer\Desktop\Учеба\Контрольные работы\Информатика 2 семестр\Лабораторная работа №12\Zadacha 3\Vector.h(100): message :  выполняется компиляция ссылки на экземпляр шаблон функции "T Vector<T>::max(void)"
C:\Users\Acer\Desktop\Учеба\Контрольные работы\Информатика 2 семестр\Лабораторная работа №12\Zadacha 3\Vector.h(100): message :         with
C:\Users\Acer\Desktop\Учеба\Контрольные работы\Информатика 2 семестр\Лабораторная работа №12\Zadacha 3\Vector.h(100): message :         [
C:\Users\Acer\Desktop\Учеба\Контрольные работы\Информатика 2 семестр\Лабораторная работа №12\Zadacha 3\Vector.h(100): message :             T=Time
C:\Users\Acer\Desktop\Учеба\Контрольные работы\Информатика 2 семестр\Лабораторная работа №12\Zadacha 3\Vector.h(100): message :         ]
C:\Users\Acer\Desktop\Учеба\Контрольные работы\Информатика 2 семестр\Лабораторная работа №12\Zadacha 3\Vector.h(33): message :  во время компиляции функции-члена класс шаблон "Vector<Time>::Vector(int)"
C:\Users\Acer\Desktop\Учеба\Контрольные работы\Информатика 2 семестр\Лабораторная работа №12\Zadacha 3\zadacha3_main.cpp(9): message :  выполняется компиляция ссылки на экземпляр шаблон функции "Vector<Time>::Vector(int)"
C:\Users\Acer\Desktop\Учеба\Контрольные работы\Информатика 2 семестр\Лабораторная работа №12\Zadacha 3\Vector.h(70,15): warning C4018:  <: несоответствие типов со знаком и без знака
C:\Users\Acer\Desktop\Учеба\Контрольные работы\Информатика 2 семестр\Лабораторная работа №12\Zadacha 3\Vector.h(68): message :  во время компиляции функции-члена класс шаблон "int Vector<Time>::key(T)"
C:\Users\Acer\Desktop\Учеба\Контрольные работы\Информатика 2 семестр\Лабораторная работа №12\Zadacha 3\Vector.h(68): message :         with
C:\Users\Acer\Desktop\Учеба\Контрольные работы\Информатика 2 семестр\Лабораторная работа №12\Zadacha 3\Vector.h(68): message :         [
C:\Users\Acer\Desktop\Учеба\Контрольные работы\Информатика 2 семестр\Лабораторная работа №12\Zadacha 3\Vector.h(68): message :             T=Time
C:\Users\Acer\Desktop\Учеба\Контрольные работы\Информатика 2 семестр\Лабораторная работа №12\Zadacha 3\Vector.h(68): message :         ]
C:\Users\Acer\Desktop\Учеба\Контрольные работы\Информатика 2 семестр\Лабораторная работа №12\Zadacha 3\Vector.h(92): message :  выполняется компиляция ссылки на экземпляр шаблон функции "int Vector<Time>::key(T)"
C:\Users\Acer\Desktop\Учеба\Контрольные работы\Информатика 2 семестр\Лабораторная работа №12\Zadacha 3\Vector.h(92): message :         with
C:\Users\Acer\Desktop\Учеба\Контрольные работы\Информатика 2 семестр\Лабораторная работа №12\Zadacha 3\Vector.h(92): message :         [
C:\Users\Acer\Desktop\Учеба\Контрольные работы\Информатика 2 семестр\Лабораторная работа №12\Zadacha 3\Vector.h(92): message :             T=Time
C:\Users\Acer\Desktop\Учеба\Контрольные работы\Информатика 2 семестр\Лабораторная работа №12\Zadacha 3\Vector.h(92): message :         ]
  Zadacha 3.vcxproj -> C:\Users\Acer\Desktop\Учеба\Контрольные работы\Информатика 2 семестр\Лабораторная работа №12\Debug\Zadacha 3.exe
