  main.cpp
C:\Users\Acer\Desktop\Учеба\Контрольные работы\Информатика 2 семестр\Лабораторная работа №14\Лабораторная работа №14\Adress.h(26,13): warning C4244:  аргумент: преобразование "time_t" в "unsigned int", возможна потеря данных
C:\Users\Acer\Desktop\Учеба\Контрольные работы\Информатика 2 семестр\Лабораторная работа №14\Лабораторная работа №14\Vector.h(28,13): warning C4244:  аргумент: преобразование "time_t" в "unsigned int", возможна потеря данных
C:\Users\Acer\Desktop\Учеба\Контрольные работы\Информатика 2 семестр\Лабораторная работа №14\Лабораторная работа №14\Keys.h(26,13): warning C4244:  аргумент: преобразование "time_t" в "unsigned int", возможна потеря данных
C:\Users\Acer\Desktop\Учеба\Контрольные работы\Информатика 2 семестр\Лабораторная работа №14\Лабораторная работа №14\Hash_table.h(35,21): warning C4018:  <: несоответствие типов со знаком и без знака
C:\Users\Acer\Desktop\Учеба\Контрольные работы\Информатика 2 семестр\Лабораторная работа №14\Лабораторная работа №14\Hash_table.h(38,9): warning C4244:  инициализация: преобразование "double" в "int", возможна потеря данных
C:\Users\Acer\Desktop\Учеба\Контрольные работы\Информатика 2 семестр\Лабораторная работа №14\Лабораторная работа №14\Hash_table.h(128,25): warning C4018:  <: несоответствие типов со знаком и без знака
C:\Users\Acer\Desktop\Учеба\Контрольные работы\Информатика 2 семестр\Лабораторная работа №14\Лабораторная работа №14\main.cpp(25,13): warning C4326:  возвращаемый тип "main" должен быть "int", а не "void"
C:\Users\Acer\Desktop\Учеба\Контрольные работы\Информатика 2 семестр\Лабораторная работа №14\Лабораторная работа №14\Vector.h(28,12): warning C4244:  аргумент: преобразование "time_t" в "unsigned int", возможна потеря данных
C:\Users\Acer\Desktop\Учеба\Контрольные работы\Информатика 2 семестр\Лабораторная работа №14\Лабораторная работа №14\Vector.h(27): message :  во время компиляции функции-члена класс шаблон "Fio<std::string>::Fio(int)"
C:\Users\Acer\Desktop\Учеба\Контрольные работы\Информатика 2 семестр\Лабораторная работа №14\Лабораторная работа №14\main.cpp(28): message :  выполняется компиляция ссылки на экземпляр шаблон функции "Fio<std::string>::Fio(int)"
C:\Users\Acer\Desktop\Учеба\Контрольные работы\Информатика 2 семестр\Лабораторная работа №14\Лабораторная работа №14\main.cpp(28): message :  выполняется компиляция ссылки на экземпляр класс шаблон функции "Fio<std::string>"
C:\Users\Acer\Desktop\Учеба\Контрольные работы\Информатика 2 семестр\Лабораторная работа №14\Лабораторная работа №14\Adress.h(26,12): warning C4244:  аргумент: преобразование "time_t" в "unsigned int", возможна потеря данных
C:\Users\Acer\Desktop\Учеба\Контрольные работы\Информатика 2 семестр\Лабораторная работа №14\Лабораторная работа №14\Adress.h(25): message :  во время компиляции функции-члена класс шаблон "Adress<std::string>::Adress(int)"
C:\Users\Acer\Desktop\Учеба\Контрольные работы\Информатика 2 семестр\Лабораторная работа №14\Лабораторная работа №14\main.cpp(29): message :  выполняется компиляция ссылки на экземпляр шаблон функции "Adress<std::string>::Adress(int)"
C:\Users\Acer\Desktop\Учеба\Контрольные работы\Информатика 2 семестр\Лабораторная работа №14\Лабораторная работа №14\main.cpp(29): message :  выполняется компиляция ссылки на экземпляр класс шаблон функции "Adress<std::string>"
C:\Users\Acer\Desktop\Учеба\Контрольные работы\Информатика 2 семестр\Лабораторная работа №14\Лабораторная работа №14\Keys.h(26,12): warning C4244:  аргумент: преобразование "time_t" в "unsigned int", возможна потеря данных
C:\Users\Acer\Desktop\Учеба\Контрольные работы\Информатика 2 семестр\Лабораторная работа №14\Лабораторная работа №14\Keys.h(25): message :  во время компиляции функции-члена класс шаблон "Keys<std::string>::Keys(int)"
C:\Users\Acer\Desktop\Учеба\Контрольные работы\Информатика 2 семестр\Лабораторная работа №14\Лабораторная работа №14\main.cpp(30): message :  выполняется компиляция ссылки на экземпляр шаблон функции "Keys<std::string>::Keys(int)"
C:\Users\Acer\Desktop\Учеба\Контрольные работы\Информатика 2 семестр\Лабораторная работа №14\Лабораторная работа №14\main.cpp(30): message :  выполняется компиляция ссылки на экземпляр класс шаблон функции "Keys<std::string>"
C:\Users\Acer\Desktop\Учеба\Контрольные работы\Информатика 2 семестр\Лабораторная работа №14\Лабораторная работа №14\Adress.h(65): warning C4715:  Adress<std::basic_string<char,std::char_traits<char>,std::allocator<char> > >::operator[]: значение возвращается не при всех путях выполнения
C:\Users\Acer\Desktop\Учеба\Контрольные работы\Информатика 2 семестр\Лабораторная работа №14\Лабораторная работа №14\Vector.h(73): warning C4715:  Fio<std::basic_string<char,std::char_traits<char>,std::allocator<char> > >::operator[]: значение возвращается не при всех путях выполнения
C:\Users\Acer\Desktop\Учеба\Контрольные работы\Информатика 2 семестр\Лабораторная работа №14\Лабораторная работа №14\Keys.h(65): warning C4715:  Keys<std::basic_string<char,std::char_traits<char>,std::allocator<char> > >::operator[]: значение возвращается не при всех путях выполнения
  Лабораторная работа №14.vcxproj -> C:\Users\Acer\Desktop\Учеба\Контрольные работы\Информатика 2 семестр\Лабораторная работа №14\Debug\Лабораторная работа №14.exe
